2018-03-13 08:56:36 [restartedMain] INFO  edu.tamu.app.SeedApplication - Starting SeedApplication on 220617SD-OP7440 with PID 5036 (C:\Users\rladdusaw\Documents\projects\java\weaver\project-management\target\classes started by rladdusaw in c:\Users\rladdusaw\Documents\projects\java\weaver\project-management)
2018-03-13 08:56:36 [restartedMain] INFO  edu.tamu.app.SeedApplication - No active profile set, falling back to default profiles: default
2018-03-13 08:56:36 [restartedMain] INFO  o.s.b.c.e.AnnotationConfigEmbeddedWebApplicationContext - Refreshing org.springframework.boot.context.embedded.AnnotationConfigEmbeddedWebApplicationContext@5e285d21: startup date [Tue Mar 13 08:56:36 CDT 2018]; root of context hierarchy
2018-03-13 08:56:36 [restartedMain] INFO  o.s.b.f.s.DefaultListableBeanFactory - Overriding bean definition for bean 'tokenAuthorizationFilter' with a different definition: replacing [Generic bean: class [edu.tamu.weaver.auth.filter.TokenAuthorizationFilter]; scope=singleton; abstract=false; lazyInit=false; autowireMode=0; dependencyCheck=0; autowireCandidate=true; primary=false; factoryBeanName=null; factoryMethodName=null; initMethodName=null; destroyMethodName=null; defined in URL [jar:file:/C:/Users/rladdusaw/.m2/repository/edu/tamu/framework/weaver-auth/2.0.0-SNAPSHOT/weaver-auth-2.0.0-SNAPSHOT.jar!/edu/tamu/weaver/auth/filter/TokenAuthorizationFilter.class]] with [Root bean: class [null]; scope=; abstract=false; lazyInit=false; autowireMode=3; dependencyCheck=0; autowireCandidate=true; primary=false; factoryBeanName=appWebSecurityConfig; factoryMethodName=tokenAuthorizationFilter; initMethodName=null; destroyMethodName=(inferred); defined in class path resource [edu/tamu/app/config/AppWebSecurityConfig.class]]
2018-03-13 08:56:37 [restartedMain] INFO  o.s.b.c.e.t.TomcatEmbeddedServletContainer - Tomcat initialized with port(s): 9000 (http)
2018-03-13 08:56:37 [restartedMain] INFO  o.a.catalina.core.StandardService - Starting service [Tomcat]
2018-03-13 08:56:37 [restartedMain] INFO  o.a.catalina.core.StandardEngine - Starting Servlet Engine: Apache Tomcat/8.5.20
2018-03-13 08:56:37 [localhost-startStop-1] INFO  o.a.c.c.C.[Tomcat].[localhost].[/] - Initializing Spring embedded WebApplicationContext
2018-03-13 08:56:37 [localhost-startStop-1] INFO  o.s.web.context.ContextLoader - Root WebApplicationContext: initialization completed in 1101 ms
2018-03-13 08:56:37 [localhost-startStop-1] INFO  o.s.o.j.LocalContainerEntityManagerFactoryBean - Building JPA container EntityManagerFactory for persistence unit 'default'
2018-03-13 08:56:37 [localhost-startStop-1] INFO  o.h.jpa.internal.util.LogHelper - HHH000204: Processing PersistenceUnitInfo [
	name: default
	...]
2018-03-13 08:56:37 [localhost-startStop-1] INFO  org.hibernate.dialect.Dialect - HHH000400: Using dialect: org.hibernate.dialect.H2Dialect
2018-03-13 08:56:37 [localhost-startStop-1] INFO  o.h.tool.hbm2ddl.SchemaExport - HHH000227: Running hbm2ddl schema export
2018-03-13 08:56:37 [localhost-startStop-1] INFO  o.h.tool.hbm2ddl.SchemaExport - HHH000230: Schema export complete
2018-03-13 08:56:37 [localhost-startStop-1] INFO  o.s.o.j.LocalContainerEntityManagerFactoryBean - Initialized JPA EntityManagerFactory for persistence unit 'default'
2018-03-13 08:56:38 [localhost-startStop-1] INFO  o.s.b.w.s.FilterRegistrationBean - Mapping filter: 'characterEncodingFilter' to: [/*]
2018-03-13 08:56:38 [localhost-startStop-1] INFO  o.s.b.w.s.DelegatingFilterProxyRegistrationBean - Mapping filter: 'springSecurityFilterChain' to: [/*]
2018-03-13 08:56:38 [localhost-startStop-1] INFO  o.s.b.w.s.FilterRegistrationBean - Mapping filter: 'configurableWroFilter' to urls: [/wro/*]
2018-03-13 08:56:38 [localhost-startStop-1] INFO  o.s.b.w.s.FilterRegistrationBean - Mapping filter: 'tokenAuthorizationFilter' to: [/*]
2018-03-13 08:56:38 [localhost-startStop-1] INFO  o.s.b.w.s.FilterRegistrationBean - Mapping filter: 'resourceUrlEncodingFilter' to: [/*]
2018-03-13 08:56:38 [localhost-startStop-1] INFO  o.s.b.w.s.ServletRegistrationBean - Mapping servlet: 'webServlet' to [/admin/h2console/*]
2018-03-13 08:56:38 [localhost-startStop-1] INFO  o.s.b.w.s.ServletRegistrationBean - Mapping servlet: 'dispatcherServlet' to [/]
2018-03-13 08:56:38 [localhost-startStop-1] INFO  o.s.b.w.s.ServletRegistrationBean - Mapping servlet: 'webServlet' to [/h2-console/*]
2018-03-13 08:56:38 [localhost-startStop-1] INFO  o.s.b.w.s.ServletRegistrationBean - Servlet webServlet was not registered (possibly already registered?)
2018-03-13 08:56:38 [localhost-startStop-1] INFO  ro.isdc.wro.http.WroFilter - wro4j version: 1.8.0
2018-03-13 08:56:38 [localhost-startStop-1] INFO  ro.isdc.wro.http.WroFilter - wro4j configuration: ro.isdc.wro.config.jmx.WroConfiguration@61756364[
  cacheUpdatePeriod=0
  modelUpdatePeriod=0
  resourceWatcherUpdatePeriod=0
  resourceWatcherAsync=false
  gzipEnabled=true
  debug=true
  ignoreMissingResources=true
  cacheGzippedContent=false
  jmxEnabled=true
  wroManagerClassName=edu.tamu.cap.wro.manager.factory.ConfigurableWroManagerFactory
  encoding=UTF-8
  mbeanName=<null>
  header=<null>
  connectionTimeout=2000
  parallelPreprocessing=false
  ignoreEmptyGroup=true
  ignoreFailingProcessor=false
  minimizeEnabled=true
]
2018-03-13 08:56:38 [restartedMain] INFO  o.s.w.s.m.m.a.RequestMappingHandlerMapping - Mapped "{[/user/delete]}" onto public edu.tamu.weaver.response.ApiResponse edu.tamu.app.controller.UserController.delete(edu.tamu.app.model.User)
2018-03-13 08:56:38 [restartedMain] INFO  o.s.w.s.m.m.a.RequestMappingHandlerMapping - Mapped "{[/user/update]}" onto public edu.tamu.weaver.response.ApiResponse edu.tamu.app.controller.UserController.updateUser(edu.tamu.app.model.User) throws java.lang.Exception
2018-03-13 08:56:38 [restartedMain] INFO  o.s.w.s.m.m.a.RequestMappingHandlerMapping - Mapped "{[/user/all]}" onto public edu.tamu.weaver.response.ApiResponse edu.tamu.app.controller.UserController.allUsers() throws java.lang.Exception
2018-03-13 08:56:38 [restartedMain] INFO  o.s.w.s.m.m.a.RequestMappingHandlerMapping - Mapped "{[/user/credentials]}" onto public edu.tamu.weaver.response.ApiResponse edu.tamu.app.controller.UserController.credentials(edu.tamu.weaver.auth.model.Credentials)
2018-03-13 08:56:38 [restartedMain] INFO  o.s.w.s.m.m.a.RequestMappingHandlerMapping - Mapped "{[/auth/refresh]}" onto public edu.tamu.weaver.response.ApiResponse edu.tamu.weaver.token.provider.controller.TokenController.refresh(java.util.Map<java.lang.String, java.lang.String>,java.util.Map<java.lang.String, java.lang.String>) throws java.security.InvalidKeyException,java.security.NoSuchAlgorithmException,javax.crypto.NoSuchPaddingException,javax.crypto.IllegalBlockSizeException,javax.crypto.BadPaddingException
2018-03-13 08:56:38 [restartedMain] INFO  o.s.w.s.m.m.a.RequestMappingHandlerMapping - Mapped "{[/auth/token]}" onto public org.springframework.web.servlet.view.RedirectView edu.tamu.weaver.token.provider.controller.TokenController.token(java.util.Map<java.lang.String, java.lang.String>,java.util.Map<java.lang.String, java.lang.String>) throws java.security.InvalidKeyException,java.security.NoSuchAlgorithmException,javax.crypto.NoSuchPaddingException,javax.crypto.IllegalBlockSizeException,javax.crypto.BadPaddingException
2018-03-13 08:56:38 [restartedMain] INFO  o.s.w.s.m.m.a.RequestMappingHandlerMapping - Mapped "{[/validations/{entityName}]}" onto public edu.tamu.weaver.response.ApiResponse edu.tamu.weaver.validation.controller.ValidationsController.validations(java.lang.String)
2018-03-13 08:56:38 [restartedMain] INFO  o.s.w.s.m.m.a.RequestMappingHandlerMapping - Mapped "{[/report/error],methods=[POST]}" onto public edu.tamu.weaver.response.ApiResponse edu.tamu.weaver.reporting.controller.ReportingController.reportError(java.util.Map<java.lang.String, java.lang.String>) throws java.lang.Exception
2018-03-13 08:56:38 [restartedMain] INFO  o.s.w.s.m.m.a.RequestMappingHandlerMapping - Mapped "{[/error]}" onto public org.springframework.http.ResponseEntity<java.util.Map<java.lang.String, java.lang.Object>> org.springframework.boot.autoconfigure.web.BasicErrorController.error(javax.servlet.http.HttpServletRequest)
2018-03-13 08:56:38 [restartedMain] INFO  o.s.w.s.m.m.a.RequestMappingHandlerMapping - Mapped "{[/error],produces=[text/html]}" onto public org.springframework.web.servlet.ModelAndView org.springframework.boot.autoconfigure.web.BasicErrorController.errorHtml(javax.servlet.http.HttpServletRequest,javax.servlet.http.HttpServletResponse)
2018-03-13 08:56:38 [restartedMain] INFO  o.s.w.s.m.m.a.RequestMappingHandlerAdapter - Looking for @ControllerAdvice: org.springframework.boot.context.embedded.AnnotationConfigEmbeddedWebApplicationContext@5e285d21: startup date [Tue Mar 13 08:56:36 CDT 2018]; root of context hierarchy
2018-03-13 08:56:38 [restartedMain] INFO  o.s.w.s.m.m.a.ExceptionHandlerExceptionResolver - Detected @ExceptionHandler methods in authRestExceptionHandler
2018-03-13 08:56:38 [restartedMain] INFO  o.s.s.web.DefaultSecurityFilterChain - Creating filter chain: org.springframework.security.web.util.matcher.AnyRequestMatcher@1, [org.springframework.security.web.context.request.async.WebAsyncManagerIntegrationFilter@2e236ace, org.springframework.security.web.context.SecurityContextPersistenceFilter@6c78ea8a, org.springframework.security.web.header.HeaderWriterFilter@211641d, org.springframework.security.web.authentication.logout.LogoutFilter@729ea003, edu.tamu.weaver.auth.filter.TokenAuthorizationFilter@1e656f80, org.springframework.security.web.savedrequest.RequestCacheAwareFilter@14288a51, org.springframework.security.web.servletapi.SecurityContextHolderAwareRequestFilter@16117bd1, org.springframework.security.web.authentication.AnonymousAuthenticationFilter@27947644, org.springframework.security.web.session.SessionManagementFilter@789375ba, org.springframework.security.web.access.ExceptionTranslationFilter@2fd7f44d, org.springframework.security.web.access.intercept.FilterSecurityInterceptor@273f1b8d]
2018-03-13 08:56:38 [restartedMain] INFO  o.s.s.web.DefaultSecurityFilterChain - Creating filter chain: Ant [pattern='/h2-console/**'], [org.springframework.security.web.context.request.async.WebAsyncManagerIntegrationFilter@526025a9, org.springframework.security.web.context.SecurityContextPersistenceFilter@6e6749fd, org.springframework.security.web.header.HeaderWriterFilter@16bbe62a, org.springframework.security.web.authentication.logout.LogoutFilter@4d21ae6e, org.springframework.security.web.authentication.www.BasicAuthenticationFilter@195d3e96, org.springframework.security.web.savedrequest.RequestCacheAwareFilter@38ede425, org.springframework.security.web.servletapi.SecurityContextHolderAwareRequestFilter@71aecfa4, org.springframework.security.web.authentication.AnonymousAuthenticationFilter@66d67e4b, org.springframework.security.web.session.SessionManagementFilter@e1644a3, org.springframework.security.web.access.ExceptionTranslationFilter@bbbbce8, org.springframework.security.web.access.intercept.FilterSecurityInterceptor@5f07f129]
2018-03-13 08:56:38 [restartedMain] INFO  o.s.s.c.ThreadPoolTaskExecutor - Initializing ExecutorService  'clientInboundChannelExecutor'
2018-03-13 08:56:38 [restartedMain] INFO  o.s.s.c.ThreadPoolTaskExecutor - Initializing ExecutorService  'clientOutboundChannelExecutor'
2018-03-13 08:56:38 [restartedMain] INFO  o.s.s.c.ThreadPoolTaskScheduler - Initializing ExecutorService  'messageBrokerTaskScheduler'
2018-03-13 08:56:38 [restartedMain] INFO  o.s.w.s.s.s.WebSocketHandlerMapping - Mapped URL path [/connect/**] onto handler of type [class org.springframework.web.socket.sockjs.support.SockJsHttpRequestHandler]
2018-03-13 08:56:38 [restartedMain] INFO  o.s.s.c.ThreadPoolTaskExecutor - Initializing ExecutorService  'brokerChannelExecutor'
2018-03-13 08:56:38 [restartedMain] WARN  o.t.templatemode.TemplateMode - [THYMELEAF][restartedMain] Template Mode 'HTML5' is deprecated. Using Template Mode 'HTML' instead.
2018-03-13 08:56:38 [restartedMain] INFO  o.s.b.d.a.OptionalLiveReloadServer - LiveReload server is running on port 35729
2018-03-13 08:56:38 [restartedMain] INFO  o.s.j.e.a.AnnotationMBeanExporter - Registering beans for JMX exposure on startup
2018-03-13 08:56:38 [restartedMain] INFO  o.s.c.s.DefaultLifecycleProcessor - Starting beans in phase 2147483647
2018-03-13 08:56:38 [restartedMain] INFO  o.s.m.s.b.SimpleBrokerMessageHandler - Starting...
2018-03-13 08:56:38 [restartedMain] INFO  o.s.m.s.b.SimpleBrokerMessageHandler - BrokerAvailabilityEvent[available=true, SimpleBrokerMessageHandler [DefaultSubscriptionRegistry[cache[0 destination(s)], registry[0 sessions]]]]
2018-03-13 08:56:38 [restartedMain] INFO  o.s.m.s.b.SimpleBrokerMessageHandler - Started.
2018-03-13 08:56:38 [restartedMain] INFO  o.s.b.c.e.t.TomcatEmbeddedServletContainer - Tomcat started on port(s): 9000 (http)
2018-03-13 08:56:39 [restartedMain] INFO  edu.tamu.app.SeedApplication - Started SeedApplication in 3.055 seconds (JVM running for 70937.337)
2018-03-13 08:56:39 [http-nio-9000-exec-1] INFO  o.a.c.c.C.[Tomcat].[localhost].[/] - Initializing Spring FrameworkServlet 'dispatcherServlet'
2018-03-13 08:56:39 [http-nio-9000-exec-1] INFO  o.s.web.servlet.DispatcherServlet - FrameworkServlet 'dispatcherServlet': initialization started
2018-03-13 08:56:39 [http-nio-9000-exec-1] INFO  o.s.web.servlet.DispatcherServlet - FrameworkServlet 'dispatcherServlet': initialization completed in 8 ms
2018-03-13 08:57:02 [Thread-67] INFO  o.s.b.c.e.AnnotationConfigEmbeddedWebApplicationContext - Closing org.springframework.boot.context.embedded.AnnotationConfigEmbeddedWebApplicationContext@5e285d21: startup date [Tue Mar 13 08:56:36 CDT 2018]; root of context hierarchy
2018-03-13 08:57:02 [Thread-67] INFO  o.s.c.s.DefaultLifecycleProcessor - Stopping beans in phase 2147483647
2018-03-13 08:57:02 [Thread-67] INFO  o.s.m.s.b.SimpleBrokerMessageHandler - Stopping...
2018-03-13 08:57:02 [Thread-67] INFO  o.s.m.s.b.SimpleBrokerMessageHandler - BrokerAvailabilityEvent[available=false, SimpleBrokerMessageHandler [DefaultSubscriptionRegistry[cache[0 destination(s)], registry[0 sessions]]]]
2018-03-13 08:57:02 [Thread-67] INFO  o.s.m.s.b.SimpleBrokerMessageHandler - Stopped.
2018-03-13 08:57:02 [Thread-67] INFO  o.s.j.e.a.AnnotationMBeanExporter - Unregistering JMX-exposed beans on shutdown
2018-03-13 08:57:02 [Thread-67] INFO  o.s.s.c.ThreadPoolTaskExecutor - Shutting down ExecutorService 'brokerChannelExecutor'
2018-03-13 08:57:02 [Thread-67] INFO  o.s.s.c.ThreadPoolTaskScheduler - Shutting down ExecutorService 'messageBrokerTaskScheduler'
2018-03-13 08:57:02 [Thread-67] INFO  o.s.s.c.ThreadPoolTaskExecutor - Shutting down ExecutorService 'clientOutboundChannelExecutor'
2018-03-13 08:57:02 [Thread-67] INFO  o.s.s.c.ThreadPoolTaskExecutor - Shutting down ExecutorService 'clientInboundChannelExecutor'
2018-03-13 08:57:02 [Thread-67] INFO  o.s.o.j.LocalContainerEntityManagerFactoryBean - Closing JPA EntityManagerFactory for persistence unit 'default'
2018-03-13 08:57:02 [Thread-67] INFO  o.h.tool.hbm2ddl.SchemaExport - HHH000227: Running hbm2ddl schema export
2018-03-13 08:57:02 [Thread-67] INFO  o.h.tool.hbm2ddl.SchemaExport - HHH000230: Schema export complete
